<?xml version="1.0" encoding="UTF-8"?>
<testng-results ignored="0" total="1" passed="1" failed="0" skipped="0">
  <reporter-output>
  </reporter-output>
  <suite started-at="2022-11-08T17:15:49 IST" name="Default suite" finished-at="2022-11-08T17:16:57 IST" duration-ms="68200">
    <groups>
    </groups>
    <test started-at="2022-11-08T17:15:49 IST" name="Default test" finished-at="2022-11-08T17:16:57 IST" duration-ms="68200">
      <class name="com.qa.dt.test.ProjectSelectionTest">
        <test-method is-config="true" signature="startReport()[pri:0, instance:com.qa.dt.test.ProjectSelectionTest@eda25e5]" started-at="2022-11-08T17:15:49 IST" name="startReport" finished-at="2022-11-08T17:15:49 IST" duration-ms="203" status="PASS">
          <reporter-output>
          </reporter-output>
        </test-method> <!-- startReport -->
        <test-method is-config="true" signature="loginTheApplication()[pri:0, instance:com.qa.dt.test.ProjectSelectionTest@eda25e5]" started-at="2022-11-08T17:15:49 IST" name="loginTheApplication" finished-at="2022-11-08T17:16:28 IST" duration-ms="38648" status="PASS">
          <reporter-output>
          </reporter-output>
        </test-method> <!-- loginTheApplication -->
        <test-method signature="ProjectSelection()[pri:0, instance:com.qa.dt.test.ProjectSelectionTest@eda25e5]" started-at="2022-11-08T17:16:28 IST" name="ProjectSelection" finished-at="2022-11-08T17:16:57 IST" duration-ms="29505" status="PASS">
          <reporter-output>
          </reporter-output>
        </test-method> <!-- ProjectSelection -->
        <test-method is-config="true" signature="endReport()[pri:0, instance:com.qa.dt.test.ProjectSelectionTest@eda25e5]" started-at="2022-11-08T17:16:57 IST" name="endReport" finished-at="2022-11-08T17:16:57 IST" duration-ms="3" status="PASS">
          <reporter-output>
          </reporter-output>
        </test-method> <!-- endReport -->
      </class> <!-- com.qa.dt.test.ProjectSelectionTest -->
    </test> <!-- Default test -->
  </suite> <!-- Default suite -->
</testng-results>
